[2021-02-13 14:12:06.783] [exthost] [info] extension host started
[2021-02-13 14:12:06.982] [exthost] [info] ExtensionService#_doActivateExtension vscode.debug-auto-launch {"startup":true,"extensionId":{"value":"vscode.debug-auto-launch","_lower":"vscode.debug-auto-launch"},"activationEvent":"*"}
[2021-02-13 14:12:06.983] [exthost] [info] ExtensionService#loadCommonJSModule file:///home/ubuntu/.vscode-server/bin/5d424b828ada08e1eb9f95d6cb41120234ef57c7/extensions/debug-auto-launch/dist/extension
[2021-02-13 14:12:06.988] [exthost] [info] ExtensionService#_doActivateExtension vscode.git {"startup":true,"extensionId":{"value":"vscode.github","_lower":"vscode.github"},"activationEvent":"*"}
[2021-02-13 14:12:06.988] [exthost] [info] ExtensionService#loadCommonJSModule file:///home/ubuntu/.vscode-server/bin/5d424b828ada08e1eb9f95d6cb41120234ef57c7/extensions/git/dist/main
[2021-02-13 14:12:07.292] [exthost] [info] ExtensionService#_doActivateExtension vscode.npm {"startup":true,"extensionId":{"value":"vscode.npm","_lower":"vscode.npm"},"activationEvent":"workspaceContains:package.json"}
[2021-02-13 14:12:07.292] [exthost] [info] ExtensionService#loadCommonJSModule file:///home/ubuntu/.vscode-server/bin/5d424b828ada08e1eb9f95d6cb41120234ef57c7/extensions/npm/dist/npmMain
[2021-02-13 14:12:08.068] [exthost] [info] ExtensionService#_doActivateExtension vscode.github {"startup":true,"extensionId":{"value":"vscode.github","_lower":"vscode.github"},"activationEvent":"*"}
[2021-02-13 14:12:08.069] [exthost] [info] ExtensionService#loadCommonJSModule file:///home/ubuntu/.vscode-server/bin/5d424b828ada08e1eb9f95d6cb41120234ef57c7/extensions/github/dist/extension.js
[2021-02-13 14:12:08.283] [exthost] [info] ExtensionService#_doActivateExtension vscode.emmet {"startup":false,"extensionId":{"value":"vscode.emmet","_lower":"vscode.emmet"},"activationEvent":"onStartupFinished"}
[2021-02-13 14:12:08.283] [exthost] [info] ExtensionService#loadCommonJSModule file:///home/ubuntu/.vscode-server/bin/5d424b828ada08e1eb9f95d6cb41120234ef57c7/extensions/emmet/dist/node/emmetNodeMain
[2021-02-13 14:12:08.298] [exthost] [info] ExtensionService#_doActivateExtension vscode.merge-conflict {"startup":false,"extensionId":{"value":"vscode.merge-conflict","_lower":"vscode.merge-conflict"},"activationEvent":"onStartupFinished"}
[2021-02-13 14:12:08.299] [exthost] [info] ExtensionService#loadCommonJSModule file:///home/ubuntu/.vscode-server/bin/5d424b828ada08e1eb9f95d6cb41120234ef57c7/extensions/merge-conflict/dist/mergeConflictMain
[2021-02-13 14:12:08.305] [exthost] [info] ExtensionService#_doActivateExtension vscode.testing-editor-contributions {"startup":false,"extensionId":{"value":"vscode.testing-editor-contributions","_lower":"vscode.testing-editor-contributions"},"activationEvent":"onStartupFinished"}
[2021-02-13 14:12:08.306] [exthost] [info] ExtensionService#loadCommonJSModule file:///home/ubuntu/.vscode-server/bin/5d424b828ada08e1eb9f95d6cb41120234ef57c7/extensions/testing-editor-contributions/dist/extension.js
[2021-02-13 14:12:08.310] [exthost] [info] eager extensions activated
[2021-02-13 14:12:08.394] [exthost] [info] ExtensionService#_doActivateExtension ms-vscode.js-debug {"startup":false,"extensionId":{"value":"ms-vscode.js-debug","_lower":"ms-vscode.js-debug"},"activationEvent":"onCommand:extension.js-debug.clearAutoAttachVariables"}
[2021-02-13 14:12:08.394] [exthost] [info] ExtensionService#loadCommonJSModule file:///home/ubuntu/.vscode-server/bin/5d424b828ada08e1eb9f95d6cb41120234ef57c7/extensions/ms-vscode.js-debug/src/extension.js
[2021-02-13 14:12:22.274] [exthost] [info] ExtensionService#_doActivateExtension vscode.typescript-language-features {"startup":false,"extensionId":{"value":"vscode.typescript-language-features","_lower":"vscode.typescript-language-features"},"activationEvent":"onLanguage:javascript"}
[2021-02-13 14:12:22.275] [exthost] [info] ExtensionService#loadCommonJSModule file:///home/ubuntu/.vscode-server/bin/5d424b828ada08e1eb9f95d6cb41120234ef57c7/extensions/typescript-language-features/dist/extension
[2021-02-13 14:12:51.541] [exthost] [info] ExtensionService#_doActivateExtension vscode.extension-editing {"startup":false,"extensionId":{"value":"vscode.extension-editing","_lower":"vscode.extension-editing"},"activationEvent":"onLanguage:typescript"}
[2021-02-13 14:12:51.541] [exthost] [info] ExtensionService#loadCommonJSModule file:///home/ubuntu/.vscode-server/bin/5d424b828ada08e1eb9f95d6cb41120234ef57c7/extensions/extension-editing/dist/extensionEditingMain
