[2021-02-13 14:18:32.376] [exthost] [info] extension host started
[2021-02-13 14:18:32.499] [exthost] [info] ExtensionService#_doActivateExtension vscode.typescript-language-features {"startup":false,"extensionId":{"value":"vscode.typescript-language-features","_lower":"vscode.typescript-language-features"},"activationEvent":"onLanguage:javascript"}
[2021-02-13 14:18:32.500] [exthost] [info] ExtensionService#loadCommonJSModule file:///home/ubuntu/.vscode-server/bin/5d424b828ada08e1eb9f95d6cb41120234ef57c7/extensions/typescript-language-features/dist/extension
[2021-02-13 14:18:32.679] [exthost] [info] ExtensionService#_doActivateExtension vscode.debug-auto-launch {"startup":true,"extensionId":{"value":"vscode.debug-auto-launch","_lower":"vscode.debug-auto-launch"},"activationEvent":"*"}
[2021-02-13 14:18:32.680] [exthost] [info] ExtensionService#loadCommonJSModule file:///home/ubuntu/.vscode-server/bin/5d424b828ada08e1eb9f95d6cb41120234ef57c7/extensions/debug-auto-launch/dist/extension
[2021-02-13 14:18:32.686] [exthost] [info] ExtensionService#_doActivateExtension vscode.git {"startup":true,"extensionId":{"value":"vscode.github","_lower":"vscode.github"},"activationEvent":"*"}
[2021-02-13 14:18:32.686] [exthost] [info] ExtensionService#loadCommonJSModule file:///home/ubuntu/.vscode-server/bin/5d424b828ada08e1eb9f95d6cb41120234ef57c7/extensions/git/dist/main
[2021-02-13 14:18:32.805] [exthost] [info] ExtensionService#_doActivateExtension vscode.npm {"startup":true,"extensionId":{"value":"vscode.npm","_lower":"vscode.npm"},"activationEvent":"workspaceContains:package.json"}
[2021-02-13 14:18:32.806] [exthost] [info] ExtensionService#loadCommonJSModule file:///home/ubuntu/.vscode-server/bin/5d424b828ada08e1eb9f95d6cb41120234ef57c7/extensions/npm/dist/npmMain
[2021-02-13 14:18:33.787] [exthost] [info] ExtensionService#_doActivateExtension vscode.github {"startup":true,"extensionId":{"value":"vscode.github","_lower":"vscode.github"},"activationEvent":"*"}
[2021-02-13 14:18:33.787] [exthost] [info] ExtensionService#loadCommonJSModule file:///home/ubuntu/.vscode-server/bin/5d424b828ada08e1eb9f95d6cb41120234ef57c7/extensions/github/dist/extension.js
[2021-02-13 14:18:34.296] [exthost] [info] ExtensionService#_doActivateExtension vscode.emmet {"startup":false,"extensionId":{"value":"vscode.emmet","_lower":"vscode.emmet"},"activationEvent":"onStartupFinished"}
[2021-02-13 14:18:34.297] [exthost] [info] ExtensionService#loadCommonJSModule file:///home/ubuntu/.vscode-server/bin/5d424b828ada08e1eb9f95d6cb41120234ef57c7/extensions/emmet/dist/node/emmetNodeMain
[2021-02-13 14:18:34.401] [exthost] [info] ExtensionService#_doActivateExtension vscode.merge-conflict {"startup":false,"extensionId":{"value":"vscode.merge-conflict","_lower":"vscode.merge-conflict"},"activationEvent":"onStartupFinished"}
[2021-02-13 14:18:34.401] [exthost] [info] ExtensionService#loadCommonJSModule file:///home/ubuntu/.vscode-server/bin/5d424b828ada08e1eb9f95d6cb41120234ef57c7/extensions/merge-conflict/dist/mergeConflictMain
[2021-02-13 14:18:34.589] [exthost] [info] ExtensionService#_doActivateExtension vscode.testing-editor-contributions {"startup":false,"extensionId":{"value":"vscode.testing-editor-contributions","_lower":"vscode.testing-editor-contributions"},"activationEvent":"onStartupFinished"}
[2021-02-13 14:18:34.590] [exthost] [info] ExtensionService#loadCommonJSModule file:///home/ubuntu/.vscode-server/bin/5d424b828ada08e1eb9f95d6cb41120234ef57c7/extensions/testing-editor-contributions/dist/extension.js
[2021-02-13 14:18:34.597] [exthost] [info] eager extensions activated
[2021-02-13 14:18:34.797] [exthost] [info] ExtensionService#_doActivateExtension ms-vscode.js-debug {"startup":false,"extensionId":{"value":"ms-vscode.js-debug","_lower":"ms-vscode.js-debug"},"activationEvent":"onCommand:extension.js-debug.clearAutoAttachVariables"}
[2021-02-13 14:18:34.798] [exthost] [info] ExtensionService#loadCommonJSModule file:///home/ubuntu/.vscode-server/bin/5d424b828ada08e1eb9f95d6cb41120234ef57c7/extensions/ms-vscode.js-debug/src/extension.js
[2021-02-13 14:18:49.790] [exthost] [info] extension host terminating: received terminate message from renderer
[2021-02-13 14:18:51.393] [exthost] [info] exiting with code 0
