[2021-02-13 14:19:43.277] [exthost] [info] extension host started
[2021-02-13 14:19:43.492] [exthost] [info] ExtensionService#_doActivateExtension vscode.typescript-language-features {"startup":false,"extensionId":{"value":"vscode.typescript-language-features","_lower":"vscode.typescript-language-features"},"activationEvent":"onLanguage:javascript"}
[2021-02-13 14:19:43.493] [exthost] [info] ExtensionService#loadCommonJSModule file:///home/ubuntu/.vscode-server/bin/622cb03f7e070a9670c94bae1a45d78d7181fbd4/extensions/typescript-language-features/dist/extension
[2021-02-13 14:19:43.783] [exthost] [info] ExtensionService#_doActivateExtension vscode.debug-auto-launch {"startup":true,"extensionId":{"value":"vscode.debug-auto-launch","_lower":"vscode.debug-auto-launch"},"activationEvent":"*"}
[2021-02-13 14:19:43.784] [exthost] [info] ExtensionService#loadCommonJSModule file:///home/ubuntu/.vscode-server/bin/622cb03f7e070a9670c94bae1a45d78d7181fbd4/extensions/debug-auto-launch/dist/extension
[2021-02-13 14:19:43.787] [exthost] [info] ExtensionService#_doActivateExtension vscode.git {"startup":true,"extensionId":{"value":"vscode.github","_lower":"vscode.github"},"activationEvent":"*"}
[2021-02-13 14:19:43.788] [exthost] [info] ExtensionService#loadCommonJSModule file:///home/ubuntu/.vscode-server/bin/622cb03f7e070a9670c94bae1a45d78d7181fbd4/extensions/git/dist/main
[2021-02-13 14:19:44.095] [exthost] [info] ExtensionService#_doActivateExtension vscode.npm {"startup":true,"extensionId":{"value":"vscode.npm","_lower":"vscode.npm"},"activationEvent":"workspaceContains:package.json"}
[2021-02-13 14:19:44.096] [exthost] [info] ExtensionService#loadCommonJSModule file:///home/ubuntu/.vscode-server/bin/622cb03f7e070a9670c94bae1a45d78d7181fbd4/extensions/npm/dist/npmMain
[2021-02-13 14:19:45.592] [exthost] [info] ExtensionService#_doActivateExtension vscode.github {"startup":true,"extensionId":{"value":"vscode.github","_lower":"vscode.github"},"activationEvent":"*"}
[2021-02-13 14:19:45.592] [exthost] [info] ExtensionService#loadCommonJSModule file:///home/ubuntu/.vscode-server/bin/622cb03f7e070a9670c94bae1a45d78d7181fbd4/extensions/github/dist/extension.js
[2021-02-13 14:19:46.791] [exthost] [info] ExtensionService#_doActivateExtension vscode.emmet {"startup":false,"extensionId":{"value":"vscode.emmet","_lower":"vscode.emmet"},"activationEvent":"onStartupFinished"}
[2021-02-13 14:19:46.791] [exthost] [info] ExtensionService#loadCommonJSModule file:///home/ubuntu/.vscode-server/bin/622cb03f7e070a9670c94bae1a45d78d7181fbd4/extensions/emmet/dist/node/emmetNodeMain
[2021-02-13 14:19:46.891] [exthost] [info] ExtensionService#_doActivateExtension vscode.merge-conflict {"startup":false,"extensionId":{"value":"vscode.merge-conflict","_lower":"vscode.merge-conflict"},"activationEvent":"onStartupFinished"}
[2021-02-13 14:19:46.892] [exthost] [info] ExtensionService#loadCommonJSModule file:///home/ubuntu/.vscode-server/bin/622cb03f7e070a9670c94bae1a45d78d7181fbd4/extensions/merge-conflict/dist/mergeConflictMain
[2021-02-13 14:19:46.989] [exthost] [info] ExtensionService#_doActivateExtension vscode.testing-editor-contributions {"startup":false,"extensionId":{"value":"vscode.testing-editor-contributions","_lower":"vscode.testing-editor-contributions"},"activationEvent":"onStartupFinished"}
[2021-02-13 14:19:46.994] [exthost] [info] ExtensionService#loadCommonJSModule file:///home/ubuntu/.vscode-server/bin/622cb03f7e070a9670c94bae1a45d78d7181fbd4/extensions/testing-editor-contributions/dist/extension.js
[2021-02-13 14:19:47.077] [exthost] [info] eager extensions activated
[2021-02-13 14:19:47.290] [exthost] [info] ExtensionService#_doActivateExtension ms-vscode.js-debug {"startup":false,"extensionId":{"value":"ms-vscode.js-debug","_lower":"ms-vscode.js-debug"},"activationEvent":"onCommand:extension.js-debug.clearAutoAttachVariables"}
[2021-02-13 14:19:47.291] [exthost] [info] ExtensionService#loadCommonJSModule file:///home/ubuntu/.vscode-server/bin/622cb03f7e070a9670c94bae1a45d78d7181fbd4/extensions/ms-vscode.js-debug/src/extension.js
